<?xml version="1.0" encoding="UTF-8"?>
<!-- Generated by org.testng.reporters.JUnitReportReporter -->
<testsuite skipped="0" hostname="Amruthas-MacBook-Air.local" name="MyRunner.TestRunner" tests="1" failures="0" timestamp="04 Nov 2019 21:26:32 GMT" time="10.304" errors="0">
  <testcase name="feature" time="10.304" classname="MyRunner.TestRunner"/>
</testsuite> <!-- MyRunner.TestRunner -->
